{"C:\\Users\\HP\\OneDrive\\Desktop\\Capstone-backend\\backend\\Auth\\app.js": {"path":"C:\\Users\\HP\\OneDrive\\Desktop\\Capstone-backend\\backend\\Auth\\app.js","statementMap":{"0":{"start":{"line":1,"column":16},"end":{"line":1,"column":34}},"1":{"start":{"line":2,"column":12},"end":{"line":2,"column":21}},"2":{"start":{"line":3,"column":17},"end":{"line":3,"column":36}},"3":{"start":{"line":4,"column":19},"end":{"line":4,"column":41}},"4":{"start":{"line":5,"column":13},"end":{"line":5,"column":28}},"5":{"start":{"line":6,"column":0},"end":{"line":6,"column":25}},"6":{"start":{"line":10,"column":0},"end":{"line":10,"column":16}},"7":{"start":{"line":11,"column":0},"end":{"line":11,"column":27}},"8":{"start":{"line":16,"column":19},"end":{"line":16,"column":44}},"9":{"start":{"line":17,"column":18},"end":{"line":17,"column":42}},"10":{"start":{"line":18,"column":19},"end":{"line":18,"column":44}},"11":{"start":{"line":19,"column":20},"end":{"line":19,"column":47}},"12":{"start":{"line":23,"column":0},"end":{"line":25,"column":3}},"13":{"start":{"line":24,"column":4},"end":{"line":24,"column":31}},"14":{"start":{"line":32,"column":0},"end":{"line":32,"column":32}},"15":{"start":{"line":34,"column":0},"end":{"line":34,"column":30}},"16":{"start":{"line":35,"column":0},"end":{"line":35,"column":33}},"17":{"start":{"line":46,"column":13},"end":{"line":46,"column":37}},"18":{"start":{"line":47,"column":0},"end":{"line":47,"column":70}},"19":{"start":{"line":47,"column":23},"end":{"line":47,"column":68}},"20":{"start":{"line":49,"column":0},"end":{"line":49,"column":21}}},"fnMap":{"0":{"name":"(anonymous_0)","decl":{"start":{"line":23,"column":13},"end":{"line":23,"column":14}},"loc":{"start":{"line":23,"column":26},"end":{"line":25,"column":1}},"line":23},"1":{"name":"(anonymous_1)","decl":{"start":{"line":47,"column":17},"end":{"line":47,"column":18}},"loc":{"start":{"line":47,"column":23},"end":{"line":47,"column":68}},"line":47}},"branchMap":{"0":{"loc":{"start":{"line":46,"column":13},"end":{"line":46,"column":37}},"type":"binary-expr","locations":[{"start":{"line":46,"column":13},"end":{"line":46,"column":29}},{"start":{"line":46,"column":33},"end":{"line":46,"column":37}}],"line":46}},"s":{"0":3,"1":3,"2":3,"3":3,"4":3,"5":3,"6":3,"7":3,"8":3,"9":3,"10":3,"11":3,"12":3,"13":1,"14":3,"15":3,"16":3,"17":3,"18":3,"19":1,"20":3},"f":{"0":1,"1":1},"b":{"0":[3,3]},"_coverageSchema":"1a1c01bbd47fc00a2c39e90264f33305004495a9","hash":"4aca8805fe019518d04930b9b6003a1e5731bac1"}
,"C:\\Users\\HP\\OneDrive\\Desktop\\Capstone-backend\\backend\\Auth\\models\\Message.js": {"path":"C:\\Users\\HP\\OneDrive\\Desktop\\Capstone-backend\\backend\\Auth\\models\\Message.js","statementMap":{"0":{"start":{"line":1,"column":17},"end":{"line":1,"column":36}},"1":{"start":{"line":3,"column":18},"end":{"line":24,"column":2}},"2":{"start":{"line":26,"column":0},"end":{"line":26,"column":54}}},"fnMap":{},"branchMap":{},"s":{"0":3,"1":3,"2":3},"f":{},"b":{},"_coverageSchema":"1a1c01bbd47fc00a2c39e90264f33305004495a9","hash":"e58ae915977f404476c3db52512b34368c0826d8"}
,"C:\\Users\\HP\\OneDrive\\Desktop\\Capstone-backend\\backend\\Auth\\models\\Post.js": {"path":"C:\\Users\\HP\\OneDrive\\Desktop\\Capstone-backend\\backend\\Auth\\models\\Post.js","statementMap":{"0":{"start":{"line":1,"column":17},"end":{"line":1,"column":36}},"1":{"start":{"line":2,"column":19},"end":{"line":2,"column":40}},"2":{"start":{"line":4,"column":19},"end":{"line":50,"column":2}},"3":{"start":{"line":52,"column":0},"end":{"line":52,"column":53}}},"fnMap":{},"branchMap":{},"s":{"0":3,"1":3,"2":3,"3":3},"f":{},"b":{},"_coverageSchema":"1a1c01bbd47fc00a2c39e90264f33305004495a9","hash":"4616ab4a3d7e5f1bba677ce8af1e25217f91ec4b"}
,"C:\\Users\\HP\\OneDrive\\Desktop\\Capstone-backend\\backend\\Auth\\models\\User.js": {"path":"C:\\Users\\HP\\OneDrive\\Desktop\\Capstone-backend\\backend\\Auth\\models\\User.js","statementMap":{"0":{"start":{"line":1,"column":17},"end":{"line":1,"column":36}},"1":{"start":{"line":2,"column":16},"end":{"line":2,"column":41}},"2":{"start":{"line":4,"column":19},"end":{"line":27,"column":2}},"3":{"start":{"line":29,"column":0},"end":{"line":29,"column":60}}},"fnMap":{},"branchMap":{},"s":{"0":3,"1":3,"2":3,"3":3},"f":{},"b":{},"_coverageSchema":"1a1c01bbd47fc00a2c39e90264f33305004495a9","hash":"d19ab21c5533dc33cd3fbe97c8d02449e43985e7"}
,"C:\\Users\\HP\\OneDrive\\Desktop\\Capstone-backend\\backend\\Auth\\routes\\auth.js": {"path":"C:\\Users\\HP\\OneDrive\\Desktop\\Capstone-backend\\backend\\Auth\\routes\\auth.js","statementMap":{"0":{"start":{"line":1,"column":15},"end":{"line":1,"column":42}},"1":{"start":{"line":3,"column":15},"end":{"line":3,"column":34}},"2":{"start":{"line":4,"column":12},"end":{"line":4,"column":35}},"3":{"start":{"line":5,"column":46},"end":{"line":5,"column":69}},"4":{"start":{"line":7,"column":0},"end":{"line":19,"column":3}},"5":{"start":{"line":8,"column":8},"end":{"line":17,"column":9}},"6":{"start":{"line":9,"column":27},"end":{"line":9,"column":44}},"7":{"start":{"line":10,"column":10},"end":{"line":14,"column":11}},"8":{"start":{"line":11,"column":12},"end":{"line":11,"column":81}},"9":{"start":{"line":13,"column":12},"end":{"line":13,"column":43}},"10":{"start":{"line":16,"column":10},"end":{"line":16,"column":66}},"11":{"start":{"line":21,"column":0},"end":{"line":47,"column":3}},"12":{"start":{"line":24,"column":20},"end":{"line":24,"column":48}},"13":{"start":{"line":25,"column":5},"end":{"line":25,"column":69}},"14":{"start":{"line":25,"column":15},"end":{"line":25,"column":69}},"15":{"start":{"line":28,"column":24},"end":{"line":28,"column":67}},"16":{"start":{"line":29,"column":5},"end":{"line":29,"column":72}},"17":{"start":{"line":29,"column":20},"end":{"line":29,"column":72}},"18":{"start":{"line":32,"column":18},"end":{"line":32,"column":42}},"19":{"start":{"line":33,"column":28},"end":{"line":33,"column":70}},"20":{"start":{"line":37,"column":19},"end":{"line":41,"column":8}},"21":{"start":{"line":42,"column":6},"end":{"line":46,"column":7}},"22":{"start":{"line":43,"column":28},"end":{"line":43,"column":45}},"23":{"start":{"line":45,"column":10},"end":{"line":45,"column":36}},"24":{"start":{"line":50,"column":0},"end":{"line":73,"column":3}},"25":{"start":{"line":52,"column":20},"end":{"line":52,"column":45}},"26":{"start":{"line":53,"column":4},"end":{"line":53,"column":68}},"27":{"start":{"line":53,"column":14},"end":{"line":53,"column":68}},"28":{"start":{"line":55,"column":17},"end":{"line":55,"column":60}},"29":{"start":{"line":56,"column":4},"end":{"line":56,"column":66}},"30":{"start":{"line":56,"column":14},"end":{"line":56,"column":66}},"31":{"start":{"line":58,"column":22},"end":{"line":58,"column":76}},"32":{"start":{"line":59,"column":4},"end":{"line":59,"column":72}},"33":{"start":{"line":59,"column":19},"end":{"line":59,"column":72}},"34":{"start":{"line":61,"column":20},"end":{"line":65,"column":7}},"35":{"start":{"line":66,"column":5},"end":{"line":69,"column":8}},"36":{"start":{"line":67,"column":8},"end":{"line":67,"column":26}},"37":{"start":{"line":67,"column":16},"end":{"line":67,"column":26}},"38":{"start":{"line":68,"column":8},"end":{"line":68,"column":26}},"39":{"start":{"line":75,"column":0},"end":{"line":75,"column":24}}},"fnMap":{"0":{"name":"(anonymous_0)","decl":{"start":{"line":7,"column":16},"end":{"line":7,"column":17}},"loc":{"start":{"line":7,"column":35},"end":{"line":19,"column":1}},"line":7},"1":{"name":"(anonymous_1)","decl":{"start":{"line":21,"column":24},"end":{"line":21,"column":25}},"loc":{"start":{"line":21,"column":43},"end":{"line":47,"column":1}},"line":21},"2":{"name":"(anonymous_2)","decl":{"start":{"line":50,"column":22},"end":{"line":50,"column":23}},"loc":{"start":{"line":50,"column":40},"end":{"line":73,"column":1}},"line":50},"3":{"name":"(anonymous_3)","decl":{"start":{"line":66,"column":49},"end":{"line":66,"column":50}},"loc":{"start":{"line":66,"column":64},"end":{"line":69,"column":6}},"line":66}},"branchMap":{"0":{"loc":{"start":{"line":10,"column":10},"end":{"line":14,"column":11}},"type":"if","locations":[{"start":{"line":10,"column":10},"end":{"line":14,"column":11}},{"start":{"line":12,"column":17},"end":{"line":14,"column":11}}],"line":10},"1":{"loc":{"start":{"line":25,"column":5},"end":{"line":25,"column":69}},"type":"if","locations":[{"start":{"line":25,"column":5},"end":{"line":25,"column":69}},{"start":{},"end":{}}],"line":25},"2":{"loc":{"start":{"line":29,"column":5},"end":{"line":29,"column":72}},"type":"if","locations":[{"start":{"line":29,"column":5},"end":{"line":29,"column":72}},{"start":{},"end":{}}],"line":29},"3":{"loc":{"start":{"line":53,"column":4},"end":{"line":53,"column":68}},"type":"if","locations":[{"start":{"line":53,"column":4},"end":{"line":53,"column":68}},{"start":{},"end":{}}],"line":53},"4":{"loc":{"start":{"line":56,"column":4},"end":{"line":56,"column":66}},"type":"if","locations":[{"start":{"line":56,"column":4},"end":{"line":56,"column":66}},{"start":{},"end":{}}],"line":56},"5":{"loc":{"start":{"line":59,"column":4},"end":{"line":59,"column":72}},"type":"if","locations":[{"start":{"line":59,"column":4},"end":{"line":59,"column":72}},{"start":{},"end":{}}],"line":59},"6":{"loc":{"start":{"line":67,"column":8},"end":{"line":67,"column":26}},"type":"if","locations":[{"start":{"line":67,"column":8},"end":{"line":67,"column":26}},{"start":{},"end":{}}],"line":67}},"s":{"0":3,"1":3,"2":3,"3":3,"4":3,"5":0,"6":0,"7":0,"8":0,"9":0,"10":0,"11":3,"12":0,"13":0,"14":0,"15":0,"16":0,"17":0,"18":0,"19":0,"20":0,"21":0,"22":0,"23":0,"24":3,"25":0,"26":0,"27":0,"28":0,"29":0,"30":0,"31":0,"32":0,"33":0,"34":0,"35":0,"36":0,"37":0,"38":0,"39":3},"f":{"0":0,"1":0,"2":0,"3":0},"b":{"0":[0,0],"1":[0,0],"2":[0,0],"3":[0,0],"4":[0,0],"5":[0,0],"6":[0,0]},"_coverageSchema":"1a1c01bbd47fc00a2c39e90264f33305004495a9","hash":"3f072b355ece74eb051925326283301941325b6d"}
,"C:\\Users\\HP\\OneDrive\\Desktop\\Capstone-backend\\backend\\Auth\\routes\\posts.js": {"path":"C:\\Users\\HP\\OneDrive\\Desktop\\Capstone-backend\\backend\\Auth\\routes\\posts.js","statementMap":{"0":{"start":{"line":1,"column":16},"end":{"line":1,"column":34}},"1":{"start":{"line":2,"column":15},"end":{"line":2,"column":31}},"2":{"start":{"line":3,"column":13},"end":{"line":3,"column":38}},"3":{"start":{"line":4,"column":13},"end":{"line":4,"column":38}},"4":{"start":{"line":5,"column":15},"end":{"line":5,"column":32}},"5":{"start":{"line":6,"column":13},"end":{"line":6,"column":28}},"6":{"start":{"line":7,"column":15},"end":{"line":7,"column":39}},"7":{"start":{"line":11,"column":14},"end":{"line":19,"column":2}},"8":{"start":{"line":13,"column":8},"end":{"line":13,"column":28}},"9":{"start":{"line":16,"column":18},"end":{"line":16,"column":49}},"10":{"start":{"line":17,"column":8},"end":{"line":17,"column":35}},"11":{"start":{"line":25,"column":12},"end":{"line":27,"column":2}},"12":{"start":{"line":32,"column":0},"end":{"line":40,"column":3}},"13":{"start":{"line":34,"column":3},"end":{"line":39,"column":4}},"14":{"start":{"line":35,"column":18},"end":{"line":35,"column":35}},"15":{"start":{"line":36,"column":4},"end":{"line":36,"column":20}},"16":{"start":{"line":38,"column":4},"end":{"line":38,"column":29}},"17":{"start":{"line":44,"column":0},"end":{"line":73,"column":3}},"18":{"start":{"line":46,"column":21},"end":{"line":46,"column":78}},"19":{"start":{"line":47,"column":21},"end":{"line":52,"column":8}},"20":{"start":{"line":53,"column":6},"end":{"line":55,"column":7}},"21":{"start":{"line":54,"column":9},"end":{"line":54,"column":36}},"22":{"start":{"line":56,"column":6},"end":{"line":61,"column":7}},"23":{"start":{"line":57,"column":23},"end":{"line":57,"column":40}},"24":{"start":{"line":58,"column":6},"end":{"line":58,"column":26}},"25":{"start":{"line":60,"column":9},"end":{"line":60,"column":34}},"26":{"start":{"line":78,"column":0},"end":{"line":85,"column":3}},"27":{"start":{"line":79,"column":4},"end":{"line":84,"column":5}},"28":{"start":{"line":80,"column":17},"end":{"line":80,"column":55}},"29":{"start":{"line":81,"column":4},"end":{"line":81,"column":19}},"30":{"start":{"line":83,"column":8},"end":{"line":83,"column":33}},"31":{"start":{"line":89,"column":0},"end":{"line":96,"column":3}},"32":{"start":{"line":90,"column":4},"end":{"line":95,"column":5}},"33":{"start":{"line":91,"column":24},"end":{"line":91,"column":69}},"34":{"start":{"line":92,"column":4},"end":{"line":92,"column":26}},"35":{"start":{"line":94,"column":8},"end":{"line":94,"column":33}},"36":{"start":{"line":101,"column":0},"end":{"line":111,"column":3}},"37":{"start":{"line":102,"column":4},"end":{"line":110,"column":5}},"38":{"start":{"line":103,"column":24},"end":{"line":106,"column":9}},"39":{"start":{"line":107,"column":4},"end":{"line":107,"column":26}},"40":{"start":{"line":109,"column":8},"end":{"line":109,"column":33}},"41":{"start":{"line":114,"column":0},"end":{"line":133,"column":3}},"42":{"start":{"line":115,"column":4},"end":{"line":132,"column":6}},"43":{"start":{"line":116,"column":21},"end":{"line":116,"column":59}},"44":{"start":{"line":119,"column":10},"end":{"line":122,"column":11}},"45":{"start":{"line":119,"column":37},"end":{"line":119,"column":67}},"46":{"start":{"line":120,"column":14},"end":{"line":120,"column":71}},"47":{"start":{"line":123,"column":10},"end":{"line":123,"column":39}},"48":{"start":{"line":130,"column":9},"end":{"line":130,"column":36}},"49":{"start":{"line":131,"column":9},"end":{"line":131,"column":46}},"50":{"start":{"line":137,"column":0},"end":{"line":162,"column":3}},"51":{"start":{"line":138,"column":4},"end":{"line":161,"column":6}},"52":{"start":{"line":139,"column":21},"end":{"line":139,"column":59}},"53":{"start":{"line":145,"column":9},"end":{"line":149,"column":10}},"54":{"start":{"line":146,"column":39},"end":{"line":146,"column":64}},"55":{"start":{"line":148,"column":13},"end":{"line":148,"column":80}},"56":{"start":{"line":152,"column":28},"end":{"line":152,"column":83}},"57":{"start":{"line":152,"column":51},"end":{"line":152,"column":60}},"58":{"start":{"line":153,"column":8},"end":{"line":153,"column":42}},"59":{"start":{"line":154,"column":8},"end":{"line":154,"column":26}},"60":{"start":{"line":155,"column":8},"end":{"line":155,"column":29}},"61":{"start":{"line":159,"column":9},"end":{"line":159,"column":36}},"62":{"start":{"line":160,"column":9},"end":{"line":160,"column":46}},"63":{"start":{"line":166,"column":0},"end":{"line":184,"column":3}},"64":{"start":{"line":167,"column":4},"end":{"line":183,"column":5}},"65":{"start":{"line":168,"column":21},"end":{"line":168,"column":58}},"66":{"start":{"line":169,"column":21},"end":{"line":169,"column":55}},"67":{"start":{"line":170,"column":27},"end":{"line":174,"column":9}},"68":{"start":{"line":175,"column":8},"end":{"line":175,"column":42}},"69":{"start":{"line":176,"column":8},"end":{"line":176,"column":26}},"70":{"start":{"line":177,"column":8},"end":{"line":177,"column":31}},"71":{"start":{"line":181,"column":8},"end":{"line":181,"column":35}},"72":{"start":{"line":182,"column":8},"end":{"line":182,"column":45}},"73":{"start":{"line":186,"column":0},"end":{"line":212,"column":3}},"74":{"start":{"line":187,"column":4},"end":{"line":211,"column":5}},"75":{"start":{"line":188,"column":21},"end":{"line":188,"column":55}},"76":{"start":{"line":191,"column":24},"end":{"line":191,"column":91}},"77":{"start":{"line":191,"column":54},"end":{"line":191,"column":90}},"78":{"start":{"line":192,"column":8},"end":{"line":194,"column":9}},"79":{"start":{"line":193,"column":12},"end":{"line":193,"column":77}},"80":{"start":{"line":202,"column":28},"end":{"line":202,"column":96}},"81":{"start":{"line":202,"column":57},"end":{"line":202,"column":69}},"82":{"start":{"line":203,"column":8},"end":{"line":203,"column":45}},"83":{"start":{"line":204,"column":8},"end":{"line":204,"column":26}},"84":{"start":{"line":205,"column":8},"end":{"line":205,"column":32}},"85":{"start":{"line":209,"column":8},"end":{"line":209,"column":35}},"86":{"start":{"line":210,"column":8},"end":{"line":210,"column":45}},"87":{"start":{"line":225,"column":0},"end":{"line":225,"column":24}}},"fnMap":{"0":{"name":"(anonymous_0)","decl":{"start":{"line":12,"column":17},"end":{"line":12,"column":18}},"loc":{"start":{"line":12,"column":39},"end":{"line":14,"column":5}},"line":12},"1":{"name":"(anonymous_1)","decl":{"start":{"line":15,"column":14},"end":{"line":15,"column":15}},"loc":{"start":{"line":15,"column":36},"end":{"line":18,"column":5}},"line":15},"2":{"name":"(anonymous_2)","decl":{"start":{"line":32,"column":24},"end":{"line":32,"column":25}},"loc":{"start":{"line":32,"column":42},"end":{"line":40,"column":1}},"line":32},"3":{"name":"(anonymous_3)","decl":{"start":{"line":44,"column":46},"end":{"line":44,"column":47}},"loc":{"start":{"line":44,"column":65},"end":{"line":73,"column":1}},"line":44},"4":{"name":"(anonymous_4)","decl":{"start":{"line":78,"column":30},"end":{"line":78,"column":31}},"loc":{"start":{"line":78,"column":48},"end":{"line":85,"column":1}},"line":78},"5":{"name":"(anonymous_5)","decl":{"start":{"line":89,"column":33},"end":{"line":89,"column":34}},"loc":{"start":{"line":89,"column":51},"end":{"line":96,"column":1}},"line":89},"6":{"name":"(anonymous_6)","decl":{"start":{"line":101,"column":32},"end":{"line":101,"column":33}},"loc":{"start":{"line":101,"column":50},"end":{"line":111,"column":1}},"line":101},"7":{"name":"(anonymous_7)","decl":{"start":{"line":114,"column":35},"end":{"line":114,"column":36}},"loc":{"start":{"line":114,"column":53},"end":{"line":133,"column":1}},"line":114},"8":{"name":"(anonymous_8)","decl":{"start":{"line":119,"column":29},"end":{"line":119,"column":30}},"loc":{"start":{"line":119,"column":37},"end":{"line":119,"column":67}},"line":119},"9":{"name":"(anonymous_9)","decl":{"start":{"line":137,"column":37},"end":{"line":137,"column":38}},"loc":{"start":{"line":137,"column":55},"end":{"line":162,"column":1}},"line":137},"10":{"name":"(anonymous_10)","decl":{"start":{"line":146,"column":31},"end":{"line":146,"column":32}},"loc":{"start":{"line":146,"column":39},"end":{"line":146,"column":64}},"line":146},"11":{"name":"(anonymous_11)","decl":{"start":{"line":152,"column":43},"end":{"line":152,"column":44}},"loc":{"start":{"line":152,"column":51},"end":{"line":152,"column":60}},"line":152},"12":{"name":"(anonymous_12)","decl":{"start":{"line":166,"column":35},"end":{"line":166,"column":36}},"loc":{"start":{"line":166,"column":53},"end":{"line":184,"column":1}},"line":166},"13":{"name":"(anonymous_13)","decl":{"start":{"line":186,"column":48},"end":{"line":186,"column":49}},"loc":{"start":{"line":186,"column":66},"end":{"line":212,"column":1}},"line":186},"14":{"name":"(anonymous_14)","decl":{"start":{"line":191,"column":43},"end":{"line":191,"column":44}},"loc":{"start":{"line":191,"column":54},"end":{"line":191,"column":90}},"line":191},"15":{"name":"(anonymous_15)","decl":{"start":{"line":202,"column":46},"end":{"line":202,"column":47}},"loc":{"start":{"line":202,"column":57},"end":{"line":202,"column":69}},"line":202}},"branchMap":{"0":{"loc":{"start":{"line":53,"column":6},"end":{"line":55,"column":7}},"type":"if","locations":[{"start":{"line":53,"column":6},"end":{"line":55,"column":7}},{"start":{},"end":{}}],"line":53},"1":{"loc":{"start":{"line":119,"column":10},"end":{"line":122,"column":11}},"type":"if","locations":[{"start":{"line":119,"column":10},"end":{"line":122,"column":11}},{"start":{},"end":{}}],"line":119},"2":{"loc":{"start":{"line":145,"column":9},"end":{"line":149,"column":10}},"type":"if","locations":[{"start":{"line":145,"column":9},"end":{"line":149,"column":10}},{"start":{},"end":{}}],"line":145},"3":{"loc":{"start":{"line":192,"column":8},"end":{"line":194,"column":9}},"type":"if","locations":[{"start":{"line":192,"column":8},"end":{"line":194,"column":9}},{"start":{},"end":{}}],"line":192}},"s":{"0":3,"1":3,"2":3,"3":3,"4":3,"5":3,"6":3,"7":3,"8":0,"9":0,"10":0,"11":3,"12":3,"13":0,"14":0,"15":0,"16":0,"17":3,"18":0,"19":0,"20":0,"21":0,"22":0,"23":0,"24":0,"25":0,"26":3,"27":0,"28":0,"29":0,"30":0,"31":3,"32":0,"33":0,"34":0,"35":0,"36":3,"37":0,"38":0,"39":0,"40":0,"41":3,"42":0,"43":0,"44":0,"45":0,"46":0,"47":0,"48":0,"49":0,"50":3,"51":0,"52":0,"53":0,"54":0,"55":0,"56":0,"57":0,"58":0,"59":0,"60":0,"61":0,"62":0,"63":3,"64":0,"65":0,"66":0,"67":0,"68":0,"69":0,"70":0,"71":0,"72":0,"73":3,"74":0,"75":0,"76":0,"77":0,"78":0,"79":0,"80":0,"81":0,"82":0,"83":0,"84":0,"85":0,"86":0,"87":3},"f":{"0":0,"1":0,"2":0,"3":0,"4":0,"5":0,"6":0,"7":0,"8":0,"9":0,"10":0,"11":0,"12":0,"13":0,"14":0,"15":0},"b":{"0":[0,0],"1":[0,0],"2":[0,0],"3":[0,0]},"_coverageSchema":"1a1c01bbd47fc00a2c39e90264f33305004495a9","hash":"b1db36e6062cff6032350425ffea38e2bc49d903"}
,"C:\\Users\\HP\\OneDrive\\Desktop\\Capstone-backend\\backend\\Auth\\routes\\sendmsg.js": {"path":"C:\\Users\\HP\\OneDrive\\Desktop\\Capstone-backend\\backend\\Auth\\routes\\sendmsg.js","statementMap":{"0":{"start":{"line":1,"column":15},"end":{"line":1,"column":42}},"1":{"start":{"line":2,"column":25},"end":{"line":2,"column":48}},"2":{"start":{"line":3,"column":16},"end":{"line":3,"column":44}},"3":{"start":{"line":4,"column":15},"end":{"line":4,"column":39}},"4":{"start":{"line":7,"column":0},"end":{"line":15,"column":3}},"5":{"start":{"line":8,"column":4},"end":{"line":14,"column":5}},"6":{"start":{"line":9,"column":25},"end":{"line":9,"column":45}},"7":{"start":{"line":10,"column":8},"end":{"line":10,"column":27}},"8":{"start":{"line":12,"column":8},"end":{"line":12,"column":35}},"9":{"start":{"line":19,"column":0},"end":{"line":28,"column":3}},"10":{"start":{"line":20,"column":4},"end":{"line":27,"column":5}},"11":{"start":{"line":21,"column":24},"end":{"line":21,"column":64}},"12":{"start":{"line":23,"column":8},"end":{"line":23,"column":25}},"13":{"start":{"line":25,"column":8},"end":{"line":25,"column":35}},"14":{"start":{"line":32,"column":0},"end":{"line":53,"column":3}},"15":{"start":{"line":34,"column":20},"end":{"line":34,"column":44}},"16":{"start":{"line":35,"column":4},"end":{"line":35,"column":68}},"17":{"start":{"line":35,"column":14},"end":{"line":35,"column":68}},"18":{"start":{"line":38,"column":16},"end":{"line":42,"column":6}},"19":{"start":{"line":45,"column":4},"end":{"line":51,"column":5}},"20":{"start":{"line":46,"column":29},"end":{"line":46,"column":45}},"21":{"start":{"line":47,"column":8},"end":{"line":47,"column":31}},"22":{"start":{"line":49,"column":8},"end":{"line":49,"column":34}},"23":{"start":{"line":55,"column":0},"end":{"line":55,"column":24}}},"fnMap":{"0":{"name":"(anonymous_0)","decl":{"start":{"line":7,"column":24},"end":{"line":7,"column":25}},"loc":{"start":{"line":7,"column":43},"end":{"line":15,"column":1}},"line":7},"1":{"name":"(anonymous_1)","decl":{"start":{"line":19,"column":30},"end":{"line":19,"column":31}},"loc":{"start":{"line":19,"column":48},"end":{"line":28,"column":1}},"line":19},"2":{"name":"(anonymous_2)","decl":{"start":{"line":32,"column":21},"end":{"line":32,"column":22}},"loc":{"start":{"line":32,"column":40},"end":{"line":53,"column":1}},"line":32}},"branchMap":{"0":{"loc":{"start":{"line":35,"column":4},"end":{"line":35,"column":68}},"type":"if","locations":[{"start":{"line":35,"column":4},"end":{"line":35,"column":68}},{"start":{},"end":{}}],"line":35}},"s":{"0":3,"1":3,"2":3,"3":3,"4":3,"5":0,"6":0,"7":0,"8":0,"9":3,"10":0,"11":0,"12":0,"13":0,"14":3,"15":0,"16":0,"17":0,"18":0,"19":0,"20":0,"21":0,"22":0,"23":3},"f":{"0":0,"1":0,"2":0},"b":{"0":[0,0]},"_coverageSchema":"1a1c01bbd47fc00a2c39e90264f33305004495a9","hash":"1c534a09a1ac9ab09566dbdd9ff2c565cc10230c"}
,"C:\\Users\\HP\\OneDrive\\Desktop\\Capstone-backend\\backend\\Auth\\routes\\validation.js": {"path":"C:\\Users\\HP\\OneDrive\\Desktop\\Capstone-backend\\backend\\Auth\\routes\\validation.js","statementMap":{"0":{"start":{"line":2,"column":12},"end":{"line":2,"column":32}},"1":{"start":{"line":6,"column":27},"end":{"line":13,"column":1}},"2":{"start":{"line":7,"column":19},"end":{"line":11,"column":6}},"3":{"start":{"line":12,"column":4},"end":{"line":12,"column":32}},"4":{"start":{"line":16,"column":24},"end":{"line":22,"column":1}},"5":{"start":{"line":17,"column":19},"end":{"line":20,"column":6}},"6":{"start":{"line":21,"column":4},"end":{"line":21,"column":32}},"7":{"start":{"line":26,"column":23},"end":{"line":33,"column":1}},"8":{"start":{"line":27,"column":19},"end":{"line":31,"column":6}},"9":{"start":{"line":32,"column":4},"end":{"line":32,"column":33}},"10":{"start":{"line":35,"column":0},"end":{"line":35,"column":55}},"11":{"start":{"line":36,"column":0},"end":{"line":36,"column":49}},"12":{"start":{"line":37,"column":0},"end":{"line":37,"column":47}}},"fnMap":{"0":{"name":"(anonymous_0)","decl":{"start":{"line":6,"column":27},"end":{"line":6,"column":28}},"loc":{"start":{"line":6,"column":35},"end":{"line":13,"column":1}},"line":6},"1":{"name":"(anonymous_1)","decl":{"start":{"line":16,"column":24},"end":{"line":16,"column":25}},"loc":{"start":{"line":16,"column":32},"end":{"line":22,"column":1}},"line":16},"2":{"name":"(anonymous_2)","decl":{"start":{"line":26,"column":23},"end":{"line":26,"column":24}},"loc":{"start":{"line":26,"column":31},"end":{"line":33,"column":1}},"line":26}},"branchMap":{},"s":{"0":3,"1":3,"2":0,"3":0,"4":3,"5":0,"6":0,"7":3,"8":0,"9":0,"10":3,"11":3,"12":3},"f":{"0":0,"1":0,"2":0},"b":{},"_coverageSchema":"1a1c01bbd47fc00a2c39e90264f33305004495a9","hash":"b8bc736bc0a27a7ab4cc672bdb05308156cc8e93"}
,"C:\\Users\\HP\\OneDrive\\Desktop\\Capstone-backend\\backend\\Auth\\routes\\verifyRoute.js": {"path":"C:\\Users\\HP\\OneDrive\\Desktop\\Capstone-backend\\backend\\Auth\\routes\\verifyRoute.js","statementMap":{"0":{"start":{"line":1,"column":12},"end":{"line":1,"column":35}},"1":{"start":{"line":3,"column":0},"end":{"line":15,"column":1}},"2":{"start":{"line":4,"column":18},"end":{"line":4,"column":42}},"3":{"start":{"line":5,"column":4},"end":{"line":5,"column":60}},"4":{"start":{"line":5,"column":15},"end":{"line":5,"column":60}},"5":{"start":{"line":7,"column":4},"end":{"line":14,"column":5}},"6":{"start":{"line":8,"column":25},"end":{"line":8,"column":68}},"7":{"start":{"line":9,"column":8},"end":{"line":9,"column":28}},"8":{"start":{"line":10,"column":8},"end":{"line":10,"column":15}},"9":{"start":{"line":12,"column":8},"end":{"line":12,"column":46}}},"fnMap":{"0":{"name":"(anonymous_0)","decl":{"start":{"line":3,"column":17},"end":{"line":3,"column":18}},"loc":{"start":{"line":3,"column":41},"end":{"line":15,"column":1}},"line":3}},"branchMap":{"0":{"loc":{"start":{"line":5,"column":4},"end":{"line":5,"column":60}},"type":"if","locations":[{"start":{"line":5,"column":4},"end":{"line":5,"column":60}},{"start":{},"end":{}}],"line":5}},"s":{"0":3,"1":3,"2":0,"3":0,"4":0,"5":0,"6":0,"7":0,"8":0,"9":0},"f":{"0":0},"b":{"0":[0,0]},"_coverageSchema":"1a1c01bbd47fc00a2c39e90264f33305004495a9","hash":"f4c70c1b9c3371f64cbfbcf3e1adcd960ad55808"}
}
