{"C:\\Users\\HP\\OneDrive\\Desktop\\Capstone-backend\\backend\\Auth\\app.js": {"path":"C:\\Users\\HP\\OneDrive\\Desktop\\Capstone-backend\\backend\\Auth\\app.js","statementMap":{"0":{"start":{"line":1,"column":16},"end":{"line":1,"column":34}},"1":{"start":{"line":2,"column":12},"end":{"line":2,"column":21}},"2":{"start":{"line":3,"column":17},"end":{"line":3,"column":36}},"3":{"start":{"line":4,"column":19},"end":{"line":4,"column":41}},"4":{"start":{"line":5,"column":13},"end":{"line":5,"column":28}},"5":{"start":{"line":6,"column":0},"end":{"line":6,"column":25}},"6":{"start":{"line":10,"column":0},"end":{"line":10,"column":16}},"7":{"start":{"line":11,"column":0},"end":{"line":11,"column":27}},"8":{"start":{"line":16,"column":19},"end":{"line":16,"column":44}},"9":{"start":{"line":17,"column":18},"end":{"line":17,"column":42}},"10":{"start":{"line":18,"column":19},"end":{"line":18,"column":44}},"11":{"start":{"line":19,"column":20},"end":{"line":19,"column":47}},"12":{"start":{"line":23,"column":0},"end":{"line":25,"column":3}},"13":{"start":{"line":24,"column":4},"end":{"line":24,"column":31}},"14":{"start":{"line":32,"column":0},"end":{"line":32,"column":32}},"15":{"start":{"line":34,"column":0},"end":{"line":34,"column":30}},"16":{"start":{"line":35,"column":0},"end":{"line":35,"column":33}},"17":{"start":{"line":39,"column":1},"end":{"line":43,"column":3}},"18":{"start":{"line":40,"column":2},"end":{"line":40,"column":33}},"19":{"start":{"line":42,"column":5},"end":{"line":42,"column":22}},"20":{"start":{"line":49,"column":0},"end":{"line":49,"column":21}}},"fnMap":{"0":{"name":"(anonymous_0)","decl":{"start":{"line":23,"column":13},"end":{"line":23,"column":14}},"loc":{"start":{"line":23,"column":26},"end":{"line":25,"column":1}},"line":23},"1":{"name":"(anonymous_1)","decl":{"start":{"line":39,"column":50},"end":{"line":39,"column":51}},"loc":{"start":{"line":39,"column":55},"end":{"line":41,"column":2}},"line":39},"2":{"name":"(anonymous_2)","decl":{"start":{"line":41,"column":10},"end":{"line":41,"column":11}},"loc":{"start":{"line":41,"column":18},"end":{"line":43,"column":1}},"line":41}},"branchMap":{},"s":{"0":3,"1":3,"2":3,"3":3,"4":3,"5":3,"6":3,"7":3,"8":3,"9":3,"10":3,"11":3,"12":3,"13":1,"14":3,"15":3,"16":3,"17":3,"18":2,"19":0,"20":3},"f":{"0":1,"1":2,"2":0},"b":{},"_coverageSchema":"1a1c01bbd47fc00a2c39e90264f33305004495a9","hash":"92d8d6dddf9df90373ac3e971cc8d047a567d354"}
,"C:\\Users\\HP\\OneDrive\\Desktop\\Capstone-backend\\backend\\Auth\\models\\Message.js": {"path":"C:\\Users\\HP\\OneDrive\\Desktop\\Capstone-backend\\backend\\Auth\\models\\Message.js","statementMap":{"0":{"start":{"line":1,"column":17},"end":{"line":1,"column":36}},"1":{"start":{"line":3,"column":18},"end":{"line":24,"column":2}},"2":{"start":{"line":26,"column":0},"end":{"line":26,"column":54}}},"fnMap":{},"branchMap":{},"s":{"0":3,"1":3,"2":3},"f":{},"b":{},"_coverageSchema":"1a1c01bbd47fc00a2c39e90264f33305004495a9","hash":"e58ae915977f404476c3db52512b34368c0826d8"}
,"C:\\Users\\HP\\OneDrive\\Desktop\\Capstone-backend\\backend\\Auth\\models\\Post.js": {"path":"C:\\Users\\HP\\OneDrive\\Desktop\\Capstone-backend\\backend\\Auth\\models\\Post.js","statementMap":{"0":{"start":{"line":1,"column":17},"end":{"line":1,"column":36}},"1":{"start":{"line":2,"column":19},"end":{"line":2,"column":40}},"2":{"start":{"line":4,"column":19},"end":{"line":50,"column":2}},"3":{"start":{"line":52,"column":0},"end":{"line":52,"column":53}}},"fnMap":{},"branchMap":{},"s":{"0":3,"1":3,"2":3,"3":3},"f":{},"b":{},"_coverageSchema":"1a1c01bbd47fc00a2c39e90264f33305004495a9","hash":"4616ab4a3d7e5f1bba677ce8af1e25217f91ec4b"}
,"C:\\Users\\HP\\OneDrive\\Desktop\\Capstone-backend\\backend\\Auth\\models\\User.js": {"path":"C:\\Users\\HP\\OneDrive\\Desktop\\Capstone-backend\\backend\\Auth\\models\\User.js","statementMap":{"0":{"start":{"line":1,"column":17},"end":{"line":1,"column":36}},"1":{"start":{"line":2,"column":16},"end":{"line":2,"column":41}},"2":{"start":{"line":4,"column":19},"end":{"line":27,"column":2}},"3":{"start":{"line":29,"column":0},"end":{"line":29,"column":60}}},"fnMap":{},"branchMap":{},"s":{"0":3,"1":3,"2":3,"3":3},"f":{},"b":{},"_coverageSchema":"1a1c01bbd47fc00a2c39e90264f33305004495a9","hash":"d19ab21c5533dc33cd3fbe97c8d02449e43985e7"}
,"C:\\Users\\HP\\OneDrive\\Desktop\\Capstone-backend\\backend\\Auth\\routes\\auth.js": {"path":"C:\\Users\\HP\\OneDrive\\Desktop\\Capstone-backend\\backend\\Auth\\routes\\auth.js","statementMap":{"0":{"start":{"line":1,"column":15},"end":{"line":1,"column":42}},"1":{"start":{"line":3,"column":15},"end":{"line":3,"column":34}},"2":{"start":{"line":4,"column":12},"end":{"line":4,"column":35}},"3":{"start":{"line":5,"column":46},"end":{"line":5,"column":69}},"4":{"start":{"line":7,"column":0},"end":{"line":19,"column":3}},"5":{"start":{"line":8,"column":8},"end":{"line":17,"column":9}},"6":{"start":{"line":9,"column":27},"end":{"line":9,"column":44}},"7":{"start":{"line":10,"column":10},"end":{"line":14,"column":11}},"8":{"start":{"line":11,"column":12},"end":{"line":11,"column":81}},"9":{"start":{"line":13,"column":12},"end":{"line":13,"column":43}},"10":{"start":{"line":16,"column":10},"end":{"line":16,"column":66}},"11":{"start":{"line":21,"column":0},"end":{"line":47,"column":3}},"12":{"start":{"line":24,"column":20},"end":{"line":24,"column":48}},"13":{"start":{"line":25,"column":5},"end":{"line":25,"column":69}},"14":{"start":{"line":25,"column":15},"end":{"line":25,"column":69}},"15":{"start":{"line":28,"column":24},"end":{"line":28,"column":67}},"16":{"start":{"line":29,"column":5},"end":{"line":29,"column":72}},"17":{"start":{"line":29,"column":20},"end":{"line":29,"column":72}},"18":{"start":{"line":32,"column":18},"end":{"line":32,"column":42}},"19":{"start":{"line":33,"column":28},"end":{"line":33,"column":70}},"20":{"start":{"line":37,"column":19},"end":{"line":41,"column":8}},"21":{"start":{"line":42,"column":6},"end":{"line":46,"column":7}},"22":{"start":{"line":43,"column":28},"end":{"line":43,"column":45}},"23":{"start":{"line":45,"column":10},"end":{"line":45,"column":36}},"24":{"start":{"line":50,"column":0},"end":{"line":73,"column":3}},"25":{"start":{"line":52,"column":20},"end":{"line":52,"column":45}},"26":{"start":{"line":53,"column":4},"end":{"line":53,"column":68}},"27":{"start":{"line":53,"column":14},"end":{"line":53,"column":68}},"28":{"start":{"line":55,"column":17},"end":{"line":55,"column":60}},"29":{"start":{"line":56,"column":4},"end":{"line":56,"column":66}},"30":{"start":{"line":56,"column":14},"end":{"line":56,"column":66}},"31":{"start":{"line":58,"column":22},"end":{"line":58,"column":76}},"32":{"start":{"line":59,"column":4},"end":{"line":59,"column":72}},"33":{"start":{"line":59,"column":19},"end":{"line":59,"column":72}},"34":{"start":{"line":61,"column":20},"end":{"line":65,"column":7}},"35":{"start":{"line":66,"column":5},"end":{"line":69,"column":8}},"36":{"start":{"line":67,"column":8},"end":{"line":67,"column":26}},"37":{"start":{"line":67,"column":16},"end":{"line":67,"column":26}},"38":{"start":{"line":68,"column":8},"end":{"line":68,"column":26}},"39":{"start":{"line":75,"column":0},"end":{"line":75,"column":24}}},"fnMap":{"0":{"name":"(anonymous_0)","decl":{"start":{"line":7,"column":16},"end":{"line":7,"column":17}},"loc":{"start":{"line":7,"column":35},"end":{"line":19,"column":1}},"line":7},"1":{"name":"(anonymous_1)","decl":{"start":{"line":21,"column":24},"end":{"line":21,"column":25}},"loc":{"start":{"line":21,"column":43},"end":{"line":47,"column":1}},"line":21},"2":{"name":"(anonymous_2)","decl":{"start":{"line":50,"column":22},"end":{"line":50,"column":23}},"loc":{"start":{"line":50,"column":40},"end":{"line":73,"column":1}},"line":50},"3":{"name":"(anonymous_3)","decl":{"start":{"line":66,"column":49},"end":{"line":66,"column":50}},"loc":{"start":{"line":66,"column":64},"end":{"line":69,"column":6}},"line":66}},"branchMap":{"0":{"loc":{"start":{"line":10,"column":10},"end":{"line":14,"column":11}},"type":"if","locations":[{"start":{"line":10,"column":10},"end":{"line":14,"column":11}},{"start":{"line":12,"column":17},"end":{"line":14,"column":11}}],"line":10},"1":{"loc":{"start":{"line":25,"column":5},"end":{"line":25,"column":69}},"type":"if","locations":[{"start":{"line":25,"column":5},"end":{"line":25,"column":69}},{"start":{},"end":{}}],"line":25},"2":{"loc":{"start":{"line":29,"column":5},"end":{"line":29,"column":72}},"type":"if","locations":[{"start":{"line":29,"column":5},"end":{"line":29,"column":72}},{"start":{},"end":{}}],"line":29},"3":{"loc":{"start":{"line":53,"column":4},"end":{"line":53,"column":68}},"type":"if","locations":[{"start":{"line":53,"column":4},"end":{"line":53,"column":68}},{"start":{},"end":{}}],"line":53},"4":{"loc":{"start":{"line":56,"column":4},"end":{"line":56,"column":66}},"type":"if","locations":[{"start":{"line":56,"column":4},"end":{"line":56,"column":66}},{"start":{},"end":{}}],"line":56},"5":{"loc":{"start":{"line":59,"column":4},"end":{"line":59,"column":72}},"type":"if","locations":[{"start":{"line":59,"column":4},"end":{"line":59,"column":72}},{"start":{},"end":{}}],"line":59},"6":{"loc":{"start":{"line":67,"column":8},"end":{"line":67,"column":26}},"type":"if","locations":[{"start":{"line":67,"column":8},"end":{"line":67,"column":26}},{"start":{},"end":{}}],"line":67}},"s":{"0":3,"1":3,"2":3,"3":3,"4":3,"5":0,"6":0,"7":0,"8":0,"9":0,"10":0,"11":3,"12":0,"13":0,"14":0,"15":0,"16":0,"17":0,"18":0,"19":0,"20":0,"21":0,"22":0,"23":0,"24":3,"25":0,"26":0,"27":0,"28":0,"29":0,"30":0,"31":0,"32":0,"33":0,"34":0,"35":0,"36":0,"37":0,"38":0,"39":3},"f":{"0":0,"1":0,"2":0,"3":0},"b":{"0":[0,0],"1":[0,0],"2":[0,0],"3":[0,0],"4":[0,0],"5":[0,0],"6":[0,0]},"_coverageSchema":"1a1c01bbd47fc00a2c39e90264f33305004495a9","hash":"3f072b355ece74eb051925326283301941325b6d"}
,"C:\\Users\\HP\\OneDrive\\Desktop\\Capstone-backend\\backend\\Auth\\routes\\posts.js": {"path":"C:\\Users\\HP\\OneDrive\\Desktop\\Capstone-backend\\backend\\Auth\\routes\\posts.js","statementMap":{"0":{"start":{"line":1,"column":16},"end":{"line":1,"column":34}},"1":{"start":{"line":2,"column":15},"end":{"line":2,"column":31}},"2":{"start":{"line":3,"column":13},"end":{"line":3,"column":38}},"3":{"start":{"line":4,"column":13},"end":{"line":4,"column":38}},"4":{"start":{"line":5,"column":15},"end":{"line":5,"column":32}},"5":{"start":{"line":6,"column":13},"end":{"line":6,"column":28}},"6":{"start":{"line":7,"column":15},"end":{"line":7,"column":39}},"7":{"start":{"line":11,"column":14},"end":{"line":19,"column":2}},"8":{"start":{"line":13,"column":8},"end":{"line":13,"column":28}},"9":{"start":{"line":16,"column":18},"end":{"line":16,"column":49}},"10":{"start":{"line":17,"column":8},"end":{"line":17,"column":35}},"11":{"start":{"line":25,"column":12},"end":{"line":27,"column":2}},"12":{"start":{"line":32,"column":0},"end":{"line":40,"column":3}},"13":{"start":{"line":34,"column":3},"end":{"line":39,"column":4}},"14":{"start":{"line":35,"column":18},"end":{"line":35,"column":35}},"15":{"start":{"line":36,"column":4},"end":{"line":36,"column":20}},"16":{"start":{"line":38,"column":4},"end":{"line":38,"column":29}},"17":{"start":{"line":44,"column":0},"end":{"line":73,"column":3}},"18":{"start":{"line":46,"column":21},"end":{"line":46,"column":78}},"19":{"start":{"line":47,"column":21},"end":{"line":52,"column":8}},"20":{"start":{"line":53,"column":6},"end":{"line":55,"column":7}},"21":{"start":{"line":54,"column":9},"end":{"line":54,"column":36}},"22":{"start":{"line":56,"column":6},"end":{"line":61,"column":7}},"23":{"start":{"line":57,"column":23},"end":{"line":57,"column":40}},"24":{"start":{"line":58,"column":6},"end":{"line":58,"column":26}},"25":{"start":{"line":60,"column":9},"end":{"line":60,"column":34}},"26":{"start":{"line":78,"column":0},"end":{"line":86,"column":3}},"27":{"start":{"line":79,"column":4},"end":{"line":85,"column":5}},"28":{"start":{"line":80,"column":17},"end":{"line":80,"column":55}},"29":{"start":{"line":81,"column":4},"end":{"line":81,"column":59}},"30":{"start":{"line":81,"column":14},"end":{"line":81,"column":59}},"31":{"start":{"line":82,"column":4},"end":{"line":82,"column":19}},"32":{"start":{"line":84,"column":8},"end":{"line":84,"column":33}},"33":{"start":{"line":90,"column":0},"end":{"line":98,"column":3}},"34":{"start":{"line":91,"column":4},"end":{"line":97,"column":5}},"35":{"start":{"line":92,"column":24},"end":{"line":92,"column":69}},"36":{"start":{"line":93,"column":4},"end":{"line":93,"column":66}},"37":{"start":{"line":93,"column":21},"end":{"line":93,"column":66}},"38":{"start":{"line":94,"column":4},"end":{"line":94,"column":26}},"39":{"start":{"line":96,"column":8},"end":{"line":96,"column":33}},"40":{"start":{"line":103,"column":0},"end":{"line":113,"column":3}},"41":{"start":{"line":104,"column":4},"end":{"line":112,"column":5}},"42":{"start":{"line":105,"column":24},"end":{"line":108,"column":9}},"43":{"start":{"line":109,"column":4},"end":{"line":109,"column":26}},"44":{"start":{"line":111,"column":8},"end":{"line":111,"column":33}},"45":{"start":{"line":116,"column":0},"end":{"line":135,"column":3}},"46":{"start":{"line":117,"column":4},"end":{"line":134,"column":6}},"47":{"start":{"line":118,"column":21},"end":{"line":118,"column":59}},"48":{"start":{"line":121,"column":10},"end":{"line":124,"column":11}},"49":{"start":{"line":121,"column":37},"end":{"line":121,"column":67}},"50":{"start":{"line":122,"column":14},"end":{"line":122,"column":71}},"51":{"start":{"line":125,"column":10},"end":{"line":125,"column":39}},"52":{"start":{"line":126,"column":10},"end":{"line":126,"column":55}},"53":{"start":{"line":127,"column":10},"end":{"line":127,"column":28}},"54":{"start":{"line":128,"column":10},"end":{"line":128,"column":31}},"55":{"start":{"line":129,"column":8},"end":{"line":129,"column":26}},"56":{"start":{"line":132,"column":9},"end":{"line":132,"column":36}},"57":{"start":{"line":133,"column":9},"end":{"line":133,"column":46}},"58":{"start":{"line":139,"column":0},"end":{"line":164,"column":3}},"59":{"start":{"line":140,"column":4},"end":{"line":163,"column":6}},"60":{"start":{"line":141,"column":21},"end":{"line":141,"column":59}},"61":{"start":{"line":147,"column":9},"end":{"line":151,"column":10}},"62":{"start":{"line":148,"column":39},"end":{"line":148,"column":64}},"63":{"start":{"line":150,"column":13},"end":{"line":150,"column":80}},"64":{"start":{"line":154,"column":28},"end":{"line":154,"column":83}},"65":{"start":{"line":154,"column":51},"end":{"line":154,"column":60}},"66":{"start":{"line":155,"column":8},"end":{"line":155,"column":42}},"67":{"start":{"line":156,"column":8},"end":{"line":156,"column":26}},"68":{"start":{"line":157,"column":8},"end":{"line":157,"column":29}},"69":{"start":{"line":161,"column":9},"end":{"line":161,"column":36}},"70":{"start":{"line":162,"column":9},"end":{"line":162,"column":46}},"71":{"start":{"line":168,"column":0},"end":{"line":186,"column":3}},"72":{"start":{"line":169,"column":4},"end":{"line":185,"column":5}},"73":{"start":{"line":170,"column":21},"end":{"line":170,"column":58}},"74":{"start":{"line":171,"column":21},"end":{"line":171,"column":55}},"75":{"start":{"line":172,"column":27},"end":{"line":176,"column":9}},"76":{"start":{"line":177,"column":8},"end":{"line":177,"column":42}},"77":{"start":{"line":178,"column":8},"end":{"line":178,"column":26}},"78":{"start":{"line":179,"column":8},"end":{"line":179,"column":31}},"79":{"start":{"line":183,"column":8},"end":{"line":183,"column":35}},"80":{"start":{"line":184,"column":8},"end":{"line":184,"column":45}},"81":{"start":{"line":188,"column":0},"end":{"line":214,"column":3}},"82":{"start":{"line":189,"column":4},"end":{"line":213,"column":5}},"83":{"start":{"line":190,"column":21},"end":{"line":190,"column":55}},"84":{"start":{"line":193,"column":24},"end":{"line":193,"column":91}},"85":{"start":{"line":193,"column":54},"end":{"line":193,"column":90}},"86":{"start":{"line":194,"column":8},"end":{"line":196,"column":9}},"87":{"start":{"line":195,"column":12},"end":{"line":195,"column":77}},"88":{"start":{"line":204,"column":28},"end":{"line":204,"column":96}},"89":{"start":{"line":204,"column":57},"end":{"line":204,"column":69}},"90":{"start":{"line":205,"column":8},"end":{"line":205,"column":45}},"91":{"start":{"line":206,"column":8},"end":{"line":206,"column":26}},"92":{"start":{"line":207,"column":8},"end":{"line":207,"column":32}},"93":{"start":{"line":211,"column":8},"end":{"line":211,"column":35}},"94":{"start":{"line":212,"column":8},"end":{"line":212,"column":45}},"95":{"start":{"line":227,"column":0},"end":{"line":227,"column":24}}},"fnMap":{"0":{"name":"(anonymous_0)","decl":{"start":{"line":12,"column":17},"end":{"line":12,"column":18}},"loc":{"start":{"line":12,"column":39},"end":{"line":14,"column":5}},"line":12},"1":{"name":"(anonymous_1)","decl":{"start":{"line":15,"column":14},"end":{"line":15,"column":15}},"loc":{"start":{"line":15,"column":36},"end":{"line":18,"column":5}},"line":15},"2":{"name":"(anonymous_2)","decl":{"start":{"line":32,"column":24},"end":{"line":32,"column":25}},"loc":{"start":{"line":32,"column":42},"end":{"line":40,"column":1}},"line":32},"3":{"name":"(anonymous_3)","decl":{"start":{"line":44,"column":46},"end":{"line":44,"column":47}},"loc":{"start":{"line":44,"column":65},"end":{"line":73,"column":1}},"line":44},"4":{"name":"(anonymous_4)","decl":{"start":{"line":78,"column":30},"end":{"line":78,"column":31}},"loc":{"start":{"line":78,"column":48},"end":{"line":86,"column":1}},"line":78},"5":{"name":"(anonymous_5)","decl":{"start":{"line":90,"column":33},"end":{"line":90,"column":34}},"loc":{"start":{"line":90,"column":51},"end":{"line":98,"column":1}},"line":90},"6":{"name":"(anonymous_6)","decl":{"start":{"line":103,"column":32},"end":{"line":103,"column":33}},"loc":{"start":{"line":103,"column":50},"end":{"line":113,"column":1}},"line":103},"7":{"name":"(anonymous_7)","decl":{"start":{"line":116,"column":35},"end":{"line":116,"column":36}},"loc":{"start":{"line":116,"column":53},"end":{"line":135,"column":1}},"line":116},"8":{"name":"(anonymous_8)","decl":{"start":{"line":121,"column":29},"end":{"line":121,"column":30}},"loc":{"start":{"line":121,"column":37},"end":{"line":121,"column":67}},"line":121},"9":{"name":"(anonymous_9)","decl":{"start":{"line":139,"column":37},"end":{"line":139,"column":38}},"loc":{"start":{"line":139,"column":55},"end":{"line":164,"column":1}},"line":139},"10":{"name":"(anonymous_10)","decl":{"start":{"line":148,"column":31},"end":{"line":148,"column":32}},"loc":{"start":{"line":148,"column":39},"end":{"line":148,"column":64}},"line":148},"11":{"name":"(anonymous_11)","decl":{"start":{"line":154,"column":43},"end":{"line":154,"column":44}},"loc":{"start":{"line":154,"column":51},"end":{"line":154,"column":60}},"line":154},"12":{"name":"(anonymous_12)","decl":{"start":{"line":168,"column":35},"end":{"line":168,"column":36}},"loc":{"start":{"line":168,"column":53},"end":{"line":186,"column":1}},"line":168},"13":{"name":"(anonymous_13)","decl":{"start":{"line":188,"column":48},"end":{"line":188,"column":49}},"loc":{"start":{"line":188,"column":66},"end":{"line":214,"column":1}},"line":188},"14":{"name":"(anonymous_14)","decl":{"start":{"line":193,"column":43},"end":{"line":193,"column":44}},"loc":{"start":{"line":193,"column":54},"end":{"line":193,"column":90}},"line":193},"15":{"name":"(anonymous_15)","decl":{"start":{"line":204,"column":46},"end":{"line":204,"column":47}},"loc":{"start":{"line":204,"column":57},"end":{"line":204,"column":69}},"line":204}},"branchMap":{"0":{"loc":{"start":{"line":53,"column":6},"end":{"line":55,"column":7}},"type":"if","locations":[{"start":{"line":53,"column":6},"end":{"line":55,"column":7}},{"start":{},"end":{}}],"line":53},"1":{"loc":{"start":{"line":81,"column":4},"end":{"line":81,"column":59}},"type":"if","locations":[{"start":{"line":81,"column":4},"end":{"line":81,"column":59}},{"start":{},"end":{}}],"line":81},"2":{"loc":{"start":{"line":93,"column":4},"end":{"line":93,"column":66}},"type":"if","locations":[{"start":{"line":93,"column":4},"end":{"line":93,"column":66}},{"start":{},"end":{}}],"line":93},"3":{"loc":{"start":{"line":121,"column":10},"end":{"line":124,"column":11}},"type":"if","locations":[{"start":{"line":121,"column":10},"end":{"line":124,"column":11}},{"start":{},"end":{}}],"line":121},"4":{"loc":{"start":{"line":147,"column":9},"end":{"line":151,"column":10}},"type":"if","locations":[{"start":{"line":147,"column":9},"end":{"line":151,"column":10}},{"start":{},"end":{}}],"line":147},"5":{"loc":{"start":{"line":194,"column":8},"end":{"line":196,"column":9}},"type":"if","locations":[{"start":{"line":194,"column":8},"end":{"line":196,"column":9}},{"start":{},"end":{}}],"line":194}},"s":{"0":3,"1":3,"2":3,"3":3,"4":3,"5":3,"6":3,"7":3,"8":0,"9":0,"10":0,"11":3,"12":3,"13":0,"14":0,"15":0,"16":0,"17":3,"18":0,"19":0,"20":0,"21":0,"22":0,"23":0,"24":0,"25":0,"26":3,"27":0,"28":0,"29":0,"30":0,"31":0,"32":0,"33":3,"34":0,"35":0,"36":0,"37":0,"38":0,"39":0,"40":3,"41":0,"42":0,"43":0,"44":0,"45":3,"46":0,"47":0,"48":0,"49":0,"50":0,"51":0,"52":0,"53":0,"54":0,"55":0,"56":0,"57":0,"58":3,"59":0,"60":0,"61":0,"62":0,"63":0,"64":0,"65":0,"66":0,"67":0,"68":0,"69":0,"70":0,"71":3,"72":0,"73":0,"74":0,"75":0,"76":0,"77":0,"78":0,"79":0,"80":0,"81":3,"82":0,"83":0,"84":0,"85":0,"86":0,"87":0,"88":0,"89":0,"90":0,"91":0,"92":0,"93":0,"94":0,"95":3},"f":{"0":0,"1":0,"2":0,"3":0,"4":0,"5":0,"6":0,"7":0,"8":0,"9":0,"10":0,"11":0,"12":0,"13":0,"14":0,"15":0},"b":{"0":[0,0],"1":[0,0],"2":[0,0],"3":[0,0],"4":[0,0],"5":[0,0]},"_coverageSchema":"1a1c01bbd47fc00a2c39e90264f33305004495a9","hash":"cd8ab7b3c2ea778494ef0e997117d8f7df11f02f"}
,"C:\\Users\\HP\\OneDrive\\Desktop\\Capstone-backend\\backend\\Auth\\routes\\sendmsg.js": {"path":"C:\\Users\\HP\\OneDrive\\Desktop\\Capstone-backend\\backend\\Auth\\routes\\sendmsg.js","statementMap":{"0":{"start":{"line":1,"column":15},"end":{"line":1,"column":42}},"1":{"start":{"line":2,"column":25},"end":{"line":2,"column":48}},"2":{"start":{"line":3,"column":16},"end":{"line":3,"column":44}},"3":{"start":{"line":4,"column":15},"end":{"line":4,"column":39}},"4":{"start":{"line":7,"column":0},"end":{"line":15,"column":3}},"5":{"start":{"line":8,"column":4},"end":{"line":14,"column":5}},"6":{"start":{"line":9,"column":25},"end":{"line":9,"column":45}},"7":{"start":{"line":10,"column":8},"end":{"line":10,"column":27}},"8":{"start":{"line":12,"column":8},"end":{"line":12,"column":35}},"9":{"start":{"line":19,"column":0},"end":{"line":28,"column":3}},"10":{"start":{"line":20,"column":4},"end":{"line":27,"column":5}},"11":{"start":{"line":21,"column":24},"end":{"line":21,"column":64}},"12":{"start":{"line":23,"column":8},"end":{"line":23,"column":25}},"13":{"start":{"line":25,"column":8},"end":{"line":25,"column":35}},"14":{"start":{"line":32,"column":0},"end":{"line":53,"column":3}},"15":{"start":{"line":34,"column":20},"end":{"line":34,"column":44}},"16":{"start":{"line":35,"column":4},"end":{"line":35,"column":68}},"17":{"start":{"line":35,"column":14},"end":{"line":35,"column":68}},"18":{"start":{"line":38,"column":16},"end":{"line":42,"column":6}},"19":{"start":{"line":45,"column":4},"end":{"line":51,"column":5}},"20":{"start":{"line":46,"column":29},"end":{"line":46,"column":45}},"21":{"start":{"line":47,"column":8},"end":{"line":47,"column":31}},"22":{"start":{"line":49,"column":8},"end":{"line":49,"column":34}},"23":{"start":{"line":55,"column":0},"end":{"line":55,"column":24}}},"fnMap":{"0":{"name":"(anonymous_0)","decl":{"start":{"line":7,"column":24},"end":{"line":7,"column":25}},"loc":{"start":{"line":7,"column":43},"end":{"line":15,"column":1}},"line":7},"1":{"name":"(anonymous_1)","decl":{"start":{"line":19,"column":30},"end":{"line":19,"column":31}},"loc":{"start":{"line":19,"column":48},"end":{"line":28,"column":1}},"line":19},"2":{"name":"(anonymous_2)","decl":{"start":{"line":32,"column":21},"end":{"line":32,"column":22}},"loc":{"start":{"line":32,"column":40},"end":{"line":53,"column":1}},"line":32}},"branchMap":{"0":{"loc":{"start":{"line":35,"column":4},"end":{"line":35,"column":68}},"type":"if","locations":[{"start":{"line":35,"column":4},"end":{"line":35,"column":68}},{"start":{},"end":{}}],"line":35}},"s":{"0":3,"1":3,"2":3,"3":3,"4":3,"5":0,"6":0,"7":0,"8":0,"9":3,"10":0,"11":0,"12":0,"13":0,"14":3,"15":0,"16":0,"17":0,"18":0,"19":0,"20":0,"21":0,"22":0,"23":3},"f":{"0":0,"1":0,"2":0},"b":{"0":[0,0]},"_coverageSchema":"1a1c01bbd47fc00a2c39e90264f33305004495a9","hash":"1c534a09a1ac9ab09566dbdd9ff2c565cc10230c"}
,"C:\\Users\\HP\\OneDrive\\Desktop\\Capstone-backend\\backend\\Auth\\routes\\validation.js": {"path":"C:\\Users\\HP\\OneDrive\\Desktop\\Capstone-backend\\backend\\Auth\\routes\\validation.js","statementMap":{"0":{"start":{"line":2,"column":12},"end":{"line":2,"column":32}},"1":{"start":{"line":6,"column":27},"end":{"line":13,"column":1}},"2":{"start":{"line":7,"column":19},"end":{"line":11,"column":6}},"3":{"start":{"line":12,"column":4},"end":{"line":12,"column":32}},"4":{"start":{"line":16,"column":24},"end":{"line":22,"column":1}},"5":{"start":{"line":17,"column":19},"end":{"line":20,"column":6}},"6":{"start":{"line":21,"column":4},"end":{"line":21,"column":32}},"7":{"start":{"line":26,"column":23},"end":{"line":33,"column":1}},"8":{"start":{"line":27,"column":19},"end":{"line":31,"column":6}},"9":{"start":{"line":32,"column":4},"end":{"line":32,"column":33}},"10":{"start":{"line":35,"column":0},"end":{"line":35,"column":55}},"11":{"start":{"line":36,"column":0},"end":{"line":36,"column":49}},"12":{"start":{"line":37,"column":0},"end":{"line":37,"column":47}}},"fnMap":{"0":{"name":"(anonymous_0)","decl":{"start":{"line":6,"column":27},"end":{"line":6,"column":28}},"loc":{"start":{"line":6,"column":35},"end":{"line":13,"column":1}},"line":6},"1":{"name":"(anonymous_1)","decl":{"start":{"line":16,"column":24},"end":{"line":16,"column":25}},"loc":{"start":{"line":16,"column":32},"end":{"line":22,"column":1}},"line":16},"2":{"name":"(anonymous_2)","decl":{"start":{"line":26,"column":23},"end":{"line":26,"column":24}},"loc":{"start":{"line":26,"column":31},"end":{"line":33,"column":1}},"line":26}},"branchMap":{},"s":{"0":3,"1":3,"2":0,"3":0,"4":3,"5":0,"6":0,"7":3,"8":0,"9":0,"10":3,"11":3,"12":3},"f":{"0":0,"1":0,"2":0},"b":{},"_coverageSchema":"1a1c01bbd47fc00a2c39e90264f33305004495a9","hash":"b8bc736bc0a27a7ab4cc672bdb05308156cc8e93"}
,"C:\\Users\\HP\\OneDrive\\Desktop\\Capstone-backend\\backend\\Auth\\routes\\verifyRoute.js": {"path":"C:\\Users\\HP\\OneDrive\\Desktop\\Capstone-backend\\backend\\Auth\\routes\\verifyRoute.js","statementMap":{"0":{"start":{"line":1,"column":12},"end":{"line":1,"column":35}},"1":{"start":{"line":3,"column":0},"end":{"line":15,"column":1}},"2":{"start":{"line":4,"column":18},"end":{"line":4,"column":42}},"3":{"start":{"line":5,"column":4},"end":{"line":5,"column":60}},"4":{"start":{"line":5,"column":15},"end":{"line":5,"column":60}},"5":{"start":{"line":7,"column":4},"end":{"line":14,"column":5}},"6":{"start":{"line":8,"column":25},"end":{"line":8,"column":68}},"7":{"start":{"line":9,"column":8},"end":{"line":9,"column":28}},"8":{"start":{"line":10,"column":8},"end":{"line":10,"column":15}},"9":{"start":{"line":12,"column":8},"end":{"line":12,"column":46}}},"fnMap":{"0":{"name":"(anonymous_0)","decl":{"start":{"line":3,"column":17},"end":{"line":3,"column":18}},"loc":{"start":{"line":3,"column":41},"end":{"line":15,"column":1}},"line":3}},"branchMap":{"0":{"loc":{"start":{"line":5,"column":4},"end":{"line":5,"column":60}},"type":"if","locations":[{"start":{"line":5,"column":4},"end":{"line":5,"column":60}},{"start":{},"end":{}}],"line":5}},"s":{"0":3,"1":3,"2":3,"3":3,"4":3,"5":0,"6":0,"7":0,"8":0,"9":0},"f":{"0":3},"b":{"0":[3,0]},"_coverageSchema":"1a1c01bbd47fc00a2c39e90264f33305004495a9","hash":"f4c70c1b9c3371f64cbfbcf3e1adcd960ad55808"}
}
